19:37:17: Creating resource group General
19:37:17: Creating resource group Internal
19:37:17: Creating resource group Autodetect
19:37:17: Registering ResourceManager for type Material
19:37:17: Registering ResourceManager for type Mesh
19:37:17: Registering ResourceManager for type Skeleton
19:37:17: MovableObjectFactory for type 'ParticleSystem' registered.
19:37:17: OverlayElementFactory for type Panel registered.
19:37:17: OverlayElementFactory for type BorderPanel registered.
19:37:17: OverlayElementFactory for type TextArea registered.
19:37:17: Registering ResourceManager for type Font
19:37:17: ArchiveFactory for archive type FileSystem registered.
19:37:17: ArchiveFactory for archive type Zip registered.
19:37:17: DevIL version: Developer's Image Library (DevIL) 1.6.7 Oct 28 2005
19:37:17: DevIL image formats: bmp dib cut dcx dds gif hdr ico cur jpg jpe jpeg lif mdl mng jng pcx pic pix png pbm pgm pnm ppm psd pdd psp pxr sgi bw rgb rgba tga vda icb vst tif tiff wal xpm raw 
19:37:17: Registering ResourceManager for type HighLevelGpuProgram
19:37:17: Registering ResourceManager for type Compositor
19:37:17: MovableObjectFactory for type 'Entity' registered.
19:37:17: MovableObjectFactory for type 'Light' registered.
19:37:17: MovableObjectFactory for type 'BillboardSet' registered.
19:37:17: MovableObjectFactory for type 'ManualObject' registered.
19:37:17: MovableObjectFactory for type 'BillboardChain' registered.
19:37:17: MovableObjectFactory for type 'RibbonTrail' registered.
19:37:17: ArchiveFactory for archive type WXFileSystem registered.
19:37:17: MovableObjectFactory for type 'AutoAnimationEntity' registered.
19:37:17: MovableObjectFactory for type 'Projector' registered.
19:37:17: Particle Renderer Type 'texcoord_billboard' registered
19:37:17: Particle Renderer Type 'mesh' registered
19:37:17: Particle Affector Type 'MeshRotator' registered
19:37:17: Particle Affector Type 'MeshAnimationAffector' registered
19:37:17: Particle Renderer Type 'ribbon' registered
19:37:17: An exception has been thrown!

-----------------------------------
Details:
-----------------------------------
Error #: 8
Function: ConfigFile::load
Description: 'WXResources.cfg' file not found!. 
File: C:\work\vs 2022\天龙八部（编译通过）\天龙八部客户端\OGRE\OgreMain\src\OgreConfigFile.cpp
Line: 80
Stack unwinding: <<beginning of stack>>
